-----
Err:	Cmd: 'take clothign' -> 'take clothign'
	Loc: bedroom
-----
Cmd: 'take clothing' -> 'take clothes'
Cmd: 'take shirt' -> 'take clothes'
-----
Err:	Cmd: 'put on shirt' -> 'put on clothes'
	Loc: bedroom
-----
-----
Err:	Cmd: 'put on clothing' -> 'put on clothes'
	Loc: bedroom
-----
-----
Err:	Cmd: 'take furniture' -> 'take furniture'
	Loc: bedroom
-----
-----
Err:	Cmd: 'open furniture' -> 'open furniture'
	Loc: bedroom
-----
Cmd: 'sleep' -> 'sleep'
-----
Err:	Cmd: 'get in bed' -> 'take in bed'
	Loc: bedroom
-----
-----
Err:	Cmd: 'open dresser' -> 'open dresser'
	Loc: bedroom
-----
-----
Err:	Cmd: 'sit on table' -> 'sit on night-table'
	Loc: bedroom
-----
Cmd: 'open closet' -> 'open closet'
-----
Err:	Cmd: 'go in closet' -> 'go closet'
	Loc: bedroom
-----
-----
Err:	Cmd: 'open door' -> 'open door'
	Loc: bedroom
-----
Cmd: 'go to living room' -> 'go living-room'
Cmd: 'sit on couch' -> 'sit couch'
-----
Err:	Cmd: 'sleep' -> 'sleep'
	Loc: living-room
-----
-----
Err:	Cmd: 'sleep on couch' -> 'sleep on couch'
	Loc: living-room
-----
Cmd: 'watch tv' -> 'turn on tv'
-----
Err:	Cmd: 'find remote' -> 'find remote'
	Loc: living-room
-----
-----
Err:	Cmd: 'look for remote' -> 'look for remote'
	Loc: living-room
-----
Cmd: 'go to bathroom' -> 'go bathroom'
-----
Err:	Cmd: 'open toilet' -> 'open toilet'
	Loc: bathroom
-----
-----
Err:	Cmd: 'take toilet' -> 'take toilet'
	Loc: bathroom
-----
Cmd: 'look at toilet' -> 'look toilet'
Cmd: 'look at sink' -> 'look sink'
-----
Err:	Cmd: 'look at hands' -> 'look hands'
	Loc: bathroom
-----
Cmd: 'look at mirror' -> 'look mirror'
Cmd: 'look at shower' -> 'look shower'
Cmd: 'take a shower' -> 'take shower'
-----
Err:	Cmd: 'turn on water' -> 'turn on water'
	Loc: bathroom
-----
-----
Err:	Cmd: 'put on clothing' -> 'put on clothing'
	Loc: bathroom
-----
-----
Err:	Cmd: 'put on clothes' -> 'put on clothes'
	Loc: bathroom
-----
Cmd: 'take clothes' -> 'take clothes'
Cmd: 'look' -> 'look'
-----
Err:	Cmd: 'how do i get out' -> 'how do inventory take out'
	Loc: bathroom
-----
Cmd: 'go to living room' -> 'go living-room'
Cmd: 'go to kitchen' -> 'go kitchen'
Cmd: 'open refrigerator' -> 'open fridge'
Cmd: 'eat food' -> 'take food'
Cmd: 'look at food' -> 'look food'
Cmd: 'look at shelves' -> 'look shelves'
Cmd: 'look at jam' -> 'look jars'
Cmd: 'look at condiments' -> 'look jars'
Cmd: 'look at marmalade' -> 'look jars'
Cmd: 'look at butter' -> 'look butter'
Cmd: 'take butter' -> 'take butter'
Cmd: 'open butter' -> 'open butter'
-----
Err:	Cmd: 'take keys' -> 'take keys'
	Loc: kitchen
-----
Cmd: 'look at shelves' -> 'look shelves'
Cmd: 'look' -> 'look'
-----
Err:	Cmd: 'look at pantry' -> 'look pantry'
	Loc: kitchen
-----
Cmd: 'look at stove' -> 'look stove'
Cmd: 'clean stove' -> 'clean stove'
-----
Err:	Cmd: 'take dishes' -> 'take dishes'
	Loc: kitchen
-----
Cmd: 'break dishes' -> 'break *'
Cmd: 'break dishes' -> 'break *'
Cmd: 'break dishes' -> 'break *'
Cmd: 'break the damn dishes' -> 'break *'
Cmd: 'break stove' -> 'break *'
-----
Err:	Cmd: 'take steve' -> 'take steve'
	Loc: kitchen
-----
-----
Err:	Cmd: 'kill steve' -> 'kill steve'
	Loc: kitchen
-----
-----
Err:	Cmd: 'pet steve' -> 'pet steve'
	Loc: kitchen
-----
Cmd: 'look' -> 'look'
Cmd: 'go to livingroom' -> 'go living-room'
Cmd: 'go to entryway' -> 'go entryway'
-----
Err:	Cmd: 'take doorbell' -> 'take doorbell'
	Loc: entryway
-----
-----
Err:	Cmd: 'ring doorbell' -> 'ring doorbell'
	Loc: entryway
-----
Cmd: 'break doorbell' -> 'break *'
Cmd: 'open door' -> 'open door'
Cmd: 'break woman' -> 'break *'
-----
Err:	Cmd: 'take clipboard from woman' -> 'take clipboard from woman'
	Loc: entryway
-----
-----
Err:	Cmd: 'steal clipboard' -> 'steal clipboard'
	Loc: entryway
-----
Cmd: 'hello' -> 'hello'
-----
Err:	Cmd: 'say hello' -> 'say hello'
	Loc: entryway
-----
-----
Err:	Cmd: 'say hello to woman' -> 'say hello to woman'
	Loc: entryway
-----
-----
Err:	Cmd: 'poke woman' -> 'poke woman'
	Loc: entryway
-----
-----
Err:	Cmd: 'stab woman' -> 'stab woman'
	Loc: entryway
-----
-----
Err:	Cmd: 'take package' -> 'take package'
	Loc: entryway
-----
Cmd: 'talk to woman' -> 'talk woman'
Cmd: 'say 3' -> 'say 3'
Cmd: 'say 2' -> 'say 2'
Cmd: 'say 1' -> 'say 1'
Cmd: 'say 1' -> 'say 1'
Cmd: 'say 1' -> 'say 1'
Cmd: 'talk to patty' -> 'talk woman'
Cmd: 'say 2' -> 'say 2'
Cmd: 'look' -> 'look'
Cmd: 'go to bedroom' -> 'go bedroom'
Cmd: 'look' -> 'look'
-----
Err:	Cmd: 'open dresser' -> 'open dresser'
	Loc: bedroom
-----
Cmd: 'look dresser' -> 'look dresser'
Cmd: 'open drawer' -> 'open drawer'
-----
Err:	Cmd: 'open second drawer' -> 'open second drawer'
	Loc: bedroom
-----
-----
Err:	Cmd: 'open bottom drawer' -> 'open bottom drawer'
	Loc: bedroom
-----
-----
Err:	Cmd: 'look nighttable' -> 'look nighttable'
	Loc: bedroom
-----
Cmd: 'look table' -> 'look night-table'
-----
Err:	Cmd: 'look night table' -> 'look night night-table'
	Loc: bedroom
-----
Cmd: 'go to entryway' -> 'go entryway'
Cmd: 'talk to patty' -> 'talk woman'
Cmd: 'talk to woman' -> 'talk woman'
Cmd: 'open door' -> 'open door'
Cmd: 'talk to patty' -> 'talk woman'
Cmd: 'say 3' -> 'say 3'
Cmd: 'say 2' -> 'say 2'
Cmd: 'say 1' -> 'say 1'
-----
Err:	Cmd: 'take package' -> 'take package'
	Loc: entryway
-----
-----
Err:	Cmd: 'sign clipboard' -> 'sign clipboard'
	Loc: entryway
-----
-----
Err:	Cmd: 'sign things' -> 'sign things'
	Loc: entryway
-----
-----
Err:	Cmd: 'sing for package' -> 'sing for package'
	Loc: entryway
-----
Cmd: 'sign for package' -> 'sign package'
-----
Err:	Cmd: 'sing for package' -> 'sing for package'
	Loc: entryway
-----
-----
Err:	Cmd: 'sing your heart out' -> 'sing your heart out'
	Loc: entryway
-----
-----
Err:	Cmd: 'rip your own heart out' -> 'rip your own heart out'
	Loc: entryway
-----
-----
Err:	Cmd: 'follow patty' -> 'follow woman'
	Loc: entryway
-----
-----
Err:	Cmd: 'chase after woman' -> 'chase after woman'
	Loc: entryway
-----
-----
Err:	Cmd: 'take package' -> 'take package'
	Loc: entryway
-----
Cmd: 'look at package' -> 'look package'
-----
Err:	Cmd: 'eat peanuts' -> 'eat peanuts'
	Loc: entryway
-----
-----
Err:	Cmd: 'eat medallion' -> 'eat medallion'
	Loc: entryway
-----
-----
Err:	Cmd: 'take medallion' -> 'take medallion'
	Loc: entryway
-----
-----
Err:	Cmd: 'put on medallion' -> 'put on medallion'
	Loc: entryway
-----
Cmd: 'look medallion' -> 'look medallion'
Cmd: 'look at package' -> 'look package'
-----
Err:	Cmd: 'go to post office' -> 'go post office'
	Loc: entryway
-----
Cmd: 'go outside' -> 'go outside'
Cmd: 'break car' -> 'break *'
-----
Err:	Cmd: 'take car' -> 'take car'
	Loc: outdoors
-----
Cmd: 'drive car' -> 'drive car'
Cmd: 'drive to post office' -> 'drive post office'
Cmd: 'drive home' -> 'drive home'
-----
Err:	Cmd: 'keep package' -> 'keep package'
	Loc: postoffice
-----
-----
Err:	Cmd: 'its mine' -> 'its mine'
	Loc: postoffice
-----
-----
Err:	Cmd: 'give it back' -> 'give it home'
	Loc: postoffice
-----
-----
Err:	Cmd: 'i want it' -> 'inventory want it'
	Loc: postoffice
-----
-----
Err:	Cmd: 'talk to counter' -> 'talk counter'
	Loc: postoffice
-----
Cmd: 'talk to employee' -> 'talk man'
Cmd: 'hit employee' -> 'punch man'
Cmd: 'break employee' -> 'break *'
Cmd: 'burn the post office to the ground' -> 'burn'
Cmd: 'flail' -> 'flail'
Cmd: 'flail' -> 'flail'
Cmd: 'flail' -> 'flail'
Cmd: 'scream' -> 'scream'
-----
Err:	Cmd: 'drive to somewhere' -> 'drive somewhere'
	Loc: postoffice
-----
-----
Err:	Cmd: 'go somewhere else' -> 'drive somewhere else'
	Loc: postoffice
-----
-----
Err:	Cmd: 'drive elsewhere' -> 'drive elsewhere'
	Loc: postoffice
-----
-----
Err:	Cmd: 'die' -> 'die'
	Loc: postoffice
-----
Cmd: 'drive to mr robertson' -> 'drive address'
Cmd: 'drive home' -> 'drive home'
-----
Err:	Cmd: 'i refuse to be brought down' -> 'inventory refuse to be brought down'
	Loc: robertson-front-door
-----
Cmd: 'open door' -> 'open door'
Cmd: 'break door' -> 'break *'
-----
Err:	Cmd: 'kick door' -> 'kick door'
	Loc: robertson-front-door
-----
-----
Err:	Cmd: 'headbutt door' -> 'headbutt door'
	Loc: robertson-front-door
-----
Cmd: 'knock on door' -> 'knock'
-----
Err:	Cmd: 'ring doorbell' -> 'ring doorbell'
	Loc: robertson-front-door
-----
-----
Err:	Cmd: 'hit head against door' -> 'hit head against door'
	Loc: robertson-front-door
-----
-----
Err:	Cmd: 'scream' -> 'scream'
	Loc: robertson-front-door
-----
-----
Err:	Cmd: 'flail' -> 'flail'
	Loc: robertson-front-door
-----
Cmd: 'look' -> 'look'
Cmd: 'look at house' -> 'look home'
-----
Err:	Cmd: 'go to porch' -> 'drive porch'
	Loc: robertson-front-door
-----
-----
Err:	Cmd: 'go to trees' -> 'drive trees'
	Loc: robertson-front-door
-----
-----
Err:	Cmd: 'climb tree' -> 'climb trees'
	Loc: robertson-front-door
-----
-----
Err:	Cmd: 'kick doorstep' -> 'kick doorstep'
	Loc: robertson-front-door
-----
-----
Err:	Cmd: 'step on door' -> 'step on door'
	Loc: robertson-front-door
-----
-----
Err:	Cmd: 'make a snowman' -> 'make snowman'
	Loc: robertson-front-door
-----
-----
Err:	Cmd: 'make a snow angel' -> 'make snow angel'
	Loc: robertson-front-door
-----
-----
Err:	Cmd: 'go to yard' -> 'drive yard'
	Loc: robertson-front-door
-----
-----
Err:	Cmd: 'look yard' -> 'look yard'
	Loc: robertson-front-door
-----
-----
Err:	Cmd: 'look porch' -> 'look porch'
	Loc: robertson-front-door
-----
Cmd: 'look trees' -> 'look trees'
-----
Err:	Cmd: 'talk to cat' -> 'talk cat'
	Loc: robertson-front-door
-----
Cmd: 'follow cat' -> 'follow cat'
-----
Err:	Cmd: 'eat cat' -> 'eat cat'
	Loc: backyard
-----
-----
Err:	Cmd: 'kick reindeer' -> 'kick reindeer'
	Loc: backyard
-----
Cmd: 'break reindeer' -> 'break *'
-----
Err:	Cmd: 'burn reindeer' -> 'burn reindeer'
	Loc: backyard
-----
-----
Err:	Cmd: 'look fences' -> 'look fences'
	Loc: backyard
-----
Cmd: 'look window' -> 'look window'
Cmd: 'open window' -> 'open window'
-----
Err:	Cmd: 'follow cat' -> 'follow cat'
	Loc: room-one
-----
-----
Err:	Cmd: 'sit on chair' -> 'sit on chair'
	Loc: room-one
-----
-----
Err:	Cmd: 'sit in chair' -> 'sit in chair'
	Loc: room-one
-----
-----
Err:	Cmd: 'sit in armchair' -> 'sit in armchair'
	Loc: room-one
-----
-----
Err:	Cmd: 'use armchair' -> 'use armchair'
	Loc: room-one
-----
Cmd: 'look painting' -> 'look painting'
-----
Err:	Cmd: 'take painting' -> 'take painting'
	Loc: room-one
-----
-----
Err:	Cmd: 'take chair' -> 'take chair'
	Loc: room-one
-----
-----
Err:	Cmd: 'take wall' -> 'take wall'
	Loc: room-one
-----
-----
Err:	Cmd: 'sit on sofa' -> 'sit on sofa'
	Loc: room-one
-----
-----
Err:	Cmd: 'sit down' -> 'sit down'
	Loc: room-one
-----
-----
Err:	Cmd: 'fopen rock collection' -> 'fopen rock'
	Loc: room-one
-----
Cmd: 'take rocks' -> 'take rock'
-----
Err:	Cmd: 'take bo' -> 'take bo'
	Loc: room-one
-----
-----
Err:	Cmd: 'take box' -> 'take package'
	Loc: room-one
-----
Cmd: 'open filing cabinet' -> 'open cabinet'
-----
Err:	Cmd: 'open first door' -> 'open first door'
	Loc: room-one
-----
-----
Err:	Cmd: 'open door 1' -> 'open door 1'
	Loc: room-one
-----
-----
Err:	Cmd: 'open first door of filing cabinet' -> 'open first door of cabinet'
	Loc: room-one
-----
Cmd: 'look cabinet' -> 'look cabinet'
Cmd: 'open 1' -> 'open 1'
Cmd: 'open 2' -> 'open 2'
Cmd: 'open 3' -> 'open 3'
-----
Err:	Cmd: 'kick 1' -> 'kick 1'
	Loc: room-one
-----
Cmd: 'look' -> 'look'
-----
Err:	Cmd: 'open bookshelf' -> 'open bookshelf'
	Loc: room-one
-----
Cmd: 'look bookshelf' -> 'look bookshelf'
-----
Err:	Cmd: 'burn bookshelf' -> 'burn bookshelf'
	Loc: room-one
-----
Cmd: 'take leaves of grass' -> 'take leaves of grass'
-----
Err:	Cmd: 'read leaves of grass' -> 'read leaves of grass'
	Loc: room-one
-----
Cmd: 'look leaves of grass' -> 'look leaves of grass'
-----
Err:	Cmd: 'take kurt vonnegut books' -> 'take kurt vonnegut bookshelf'
	Loc: room-one
-----
-----
Err:	Cmd: 'take kurt vonnegut' -> 'take kurt vonnegut'
	Loc: room-one
-----
-----
Err:	Cmd: 'worship kurt vonnegut' -> 'worship kurt vonnegut'
	Loc: room-one
-----
-----
Err:	Cmd: 'build an altar' -> 'build altar'
	Loc: room-one
-----
-----
Err:	Cmd: 'open passion' -> 'open passion'
	Loc: room-one
-----
Cmd: 'take passion in paradise' -> 'take passion in paradise'
Cmd: 'read passion in paradise' -> 'read passion in paradise'
-----
Err:	Cmd: 'poke cat' -> 'poke cat'
	Loc: room-one
-----
-----
Err:	Cmd: 'follow cat' -> 'follow cat'
	Loc: room-one
-----
-----
Err:	Cmd: 'take cat' -> 'take cat'
	Loc: room-one
-----
-----
Err:	Cmd: 'hug cat' -> 'hug cat'
	Loc: room-one
-----
-----
Err:	Cmd: 'cat what the hell do you want' -> 'cat what hell do you want'
	Loc: room-one
-----
Cmd: 'take passion in pompeii' -> 'take passion in pompeii'
Cmd: 'read passion in pompeii' -> 'read passion in paradise'
Cmd: 'look' -> 'look'
Cmd: 'look bookshelf' -> 'look bookshelf'
Cmd: 'read passion in a pot' -> 'read passion in paradise'
Cmd: 'read passion in a poppy field' -> 'read passion in paradise'
Cmd: 'look' -> 'look'
Cmd: 'look passion in a poppy field' -> 'look passion in poppy field'
Cmd: 'look passion in a pot' -> 'look passion in pot'
Cmd: 'look passion in paradise' -> 'look passion in paradise'
-----
Err:	Cmd: 'smolder' -> 'smolder'
	Loc: room-one
-----
Cmd: 'look' -> 'look'
-----
Err:	Cmd: 'take decor' -> 'take decor'
	Loc: room-one
-----
-----
Err:	Cmd: 'take painting' -> 'take painting'
	Loc: room-one
-----
Cmd: 'look painting' -> 'look painting'
-----
Err:	Cmd: 'set things on fire' -> 'set things on fire'
	Loc: room-one
-----
Cmd: 'burn chair' -> 'burn chair'
Cmd: 'put book on chair' -> 'put book on chair'
-----
Err:	Cmd: 'take leaves' -> 'take leaves'
	Loc: room-one
-----
Cmd: 'look bookshelf' -> 'look bookshelf'
Cmd: 'take leaves of grass' -> 'take leaves of grass'
Cmd: 'put book on chair' -> 'put book on chair'
Cmd: 'burn chair' -> 'burn chair'
-----
Err:	Cmd: 'stay here' -> 'stay here'
	Loc: room-one
-----
-----
Err:	Cmd: 'take chair' -> 'take chair'
	Loc: room-one
-----
-----
Err:	Cmd: 'sit in chair' -> 'sit in chair'
	Loc: room-one
-----
-----
Err:	Cmd: 'sit on sofa' -> 'sit on sofa'
	Loc: room-one
-----
-----
Err:	Cmd: 'bring marshmallows' -> 'bring marshmallows'
	Loc: room-one
-----
-----
Err:	Cmd: 'roast hot dogs' -> 'roast hot dogs'
	Loc: room-one
-----
-----
Err:	Cmd: 'go somewhere else' -> 'go somewhere else'
	Loc: room-one
-----
Cmd: 'look' -> 'look'
-----
Err:	Cmd: 'go outsdie' -> 'go outsdie'
	Loc: room-one
-----
-----
Err:	Cmd: 'jump out window' -> 'jump out window'
	Loc: room-one
-----
-----
Err:	Cmd: 'go out window' -> 'go out window'
	Loc: room-one
-----
-----
Err:	Cmd: 'open window' -> 'open window'
	Loc: room-one
-----
-----
Err:	Cmd: 'go through doorway' -> 'go through doorway'
	Loc: room-one
-----
Cmd: 'go to door' -> 'leave'
Cmd: 'look painting' -> 'look painting'
-----
Err:	Cmd: 'burn cat' -> 'burn cat'
	Loc: room-two
-----
-----
Err:	Cmd: 'take cat' -> 'take cat'
	Loc: room-two
-----
-----
Err:	Cmd: 'follow cat' -> 'follow cat'
	Loc: room-two
-----
Cmd: 'go to door' -> 'leave'
Cmd: 'look' -> 'look'
Cmd: 'take rocks' -> 'take rock'
Cmd: 'look cabinet' -> 'look cabinet'
Cmd: 'open 1' -> 'open 1'
Cmd: 'open 2' -> 'open 2'
Cmd: 'open 3' -> 'open 3'
Cmd: 'break 1' -> 'break *'
-----
Err:	Cmd: 'kick cabinet' -> 'kick cabinet'
	Loc: room-two
-----
Cmd: 'look bookshelf' -> 'look bookshelf'
Cmd: 'take leaves of grass' -> 'take leaves of grass'
Cmd: 'take passion in paradise' -> 'take passion in paradise'
-----
Err:	Cmd: 'put book on cabinet' -> 'put book on cabinet'
	Loc: room-two
-----
-----
Err:	Cmd: 'put book on cat' -> 'put book on cat'
	Loc: room-two
-----
-----
Err:	Cmd: 'put book on bookshelf' -> 'put book on bookshelf'
	Loc: room-two
-----
-----
Err:	Cmd: 'burn bookshelf' -> 'burn bookshelf'
	Loc: room-two
-----
-----
Err:	Cmd: 'burn cabinet' -> 'burn cabinet'
	Loc: room-two
-----
-----
Err:	Cmd: 'burn cat' -> 'burn cat'
	Loc: room-two
-----
-----
Err:	Cmd: 'burn burn book' -> 'burn burn book'
	Loc: room-two
-----
-----
Err:	Cmd: 'burn book' -> 'burn book'
	Loc: room-two
-----
Cmd: 'look' -> 'look'
Cmd: 'look painting' -> 'look painting'
Cmd: 'go to door' -> 'leave'
-----
Err:	Cmd: 'take painting' -> 'take painting'
	Loc: room-two
-----
-----
Err:	Cmd: 'take fear pigs' -> 'take fear pigs'
	Loc: room-two
-----
-----
Err:	Cmd: 'sit on scorch marks' -> 'sit on scorch'
	Loc: room-two
-----
Cmd: 'hint' -> 'hint'
Cmd: 'look at scorch marks' -> 'look scorch'
-----
Err:	Cmd: 'look through couch cushions' -> 'open couch couch'
	Loc: room-two
-----
-----
Err:	Cmd: 'look in couch' -> 'look in couch'
	Loc: room-two
-----
-----
Err:	Cmd: 'look at couch' -> 'look couch'
	Loc: room-two
-----
-----
Err:	Cmd: 'sit on couch' -> 'sit on couch'
	Loc: room-two
-----
-----
Err:	Cmd: 'look in sofa' -> 'look in sofa'
	Loc: room-two
-----
-----
Err:	Cmd: 'look at sofa' -> 'look sofa'
	Loc: room-two
-----
-----
Err:	Cmd: 'look for cushions' -> 'look for couch'
	Loc: room-two
-----
-----
Err:	Cmd: 'look at cushions' -> 'look couch'
	Loc: room-two
-----
Cmd: 'look' -> 'look'
-----
Err:	Cmd: 'look through couch' -> 'open couch'
	Loc: room-two
-----
Cmd: 'search couch' -> 'search couch'
-----
Err:	Cmd: 'read note' -> 'read note'
	Loc: room-two
-----
Cmd: 'look at note' -> 'look note'
-----
Err:	Cmd: 'take filing cabinet' -> 'take cabinet'
	Loc: room-two
-----
Cmd: 'open filing cabinet' -> 'open cabinet'
Cmd: 'open 1' -> 'open 1'
-----
Err:	Cmd: 'take paper' -> 'take papers'
	Loc: room-two
-----
Cmd: 'open 2' -> 'open 2'
Cmd: 'open 3' -> 'open 3'
Cmd: 'put yellow in 2' -> 'put yellow 2'
Cmd: 'open 3' -> 'open 3'
Cmd: 'put white in 2' -> 'put white 2'
-----
Err:	Cmd: 'look 1' -> 'look 1'
	Loc: room-two
-----
Cmd: 'open 1' -> 'open 1'
Cmd: 'open 2' -> 'open 2'
-----
Err:	Cmd: 'look at 2' -> 'look 2'
	Loc: room-two
-----
Cmd: 'look at filing cabinet' -> 'look cabinet'
-----
Err:	Cmd: 'put paper in 3' -> 'put papers 3'
	Loc: room-two
-----
-----
Err:	Cmd: 'put yellow in 3' -> 'put yellow 3'
	Loc: room-two
-----
-----
Err:	Cmd: 'put note in 2' -> 'put note 2'
	Loc: room-two
-----
-----
Err:	Cmd: 'take yellow' -> 'take yellow'
	Loc: room-two
-----
-----
Err:	Cmd: 'take yellow paper' -> 'take yellow papers'
	Loc: room-two
-----
-----
Err:	Cmd: 'burn apper' -> 'burn apper'
	Loc: room-two
-----
-----
Err:	Cmd: 'burn paper' -> 'burn papers'
	Loc: room-two
-----
-----
Err:	Cmd: 'burn yellow' -> 'burn yellow'
	Loc: room-two
-----
Cmd: 'hint' -> 'hint'
Cmd: 'hint' -> 'hint'
-----
Err:	Cmd: 'look 1' -> 'look 1'
	Loc: room-two
-----
-----
Err:	Cmd: 'look at 1' -> 'look 1'
	Loc: room-two
-----
Cmd: 'look at yellow' -> 'look yellow'
Cmd: 'look at blue' -> 'look blue'
Cmd: 'look at white' -> 'look white'
Cmd: 'look at green' -> 'look green'
Cmd: 'open 1' -> 'open 1'
Cmd: 'look pink' -> 'look pink'
-----
Err:	Cmd: 'burn everything' -> 'burn everything'
	Loc: room-two
-----
Cmd: 'put yellow in 2' -> 'put yellow 2'
Cmd: 'put green in 2' -> 'put green 2'
Cmd: 'put blue in 2' -> 'put blue 2'
Cmd: 'put white in 2' -> 'put white 2'
Cmd: 'put pink in 2' -> 'put pink 2'
Cmd: 'go to door' -> 'leave'
Cmd: 'look painting' -> 'look painting'
Cmd: 'open cabinet' -> 'open cabinet'
Cmd: 'open 1' -> 'open 1'
Cmd: 'open 2' -> 'open 2'
Cmd: 'open 3' -> 'open 3'
-----
Err:	Cmd: 'take cat food' -> 'take food'
	Loc: room-three
-----
-----
Err:	Cmd: 'feed cat food to cat' -> 'feed food to cat'
	Loc: room-three
-----
Cmd: 'feed cat' -> 'feed cat'
Cmd: 'leave the room' -> 'leave'
Cmd: 'talk to man' -> 'talk man'
Cmd: 'say 1' -> 'say 1'
Cmd: 'say 3' -> 'say 3'
Cmd: 'say 4' -> 'say 4'
Cmd: 'say 5' -> 'say 5'
Cmd: 'say 6' -> 'say 6'
Cmd: 'say 2' -> 'say 2'
Cmd: 'say 6' -> 'say 6'
Cmd: 'go home' -> 'drive home'
Cmd: 'look at package' -> 'look package'
Cmd: 'go to emily' -> 'drive emily'
Cmd: 'open package' -> 'open package'
-----
Err:	Cmd: 'go to emiy' -> 'drive emiy'
	Loc: emily-house
-----
-----
Err:	Cmd: 'go to emily' -> 'drive emily'
	Loc: emily-house
-----
Cmd: 'look' -> 'look'
Cmd: 'open door' -> 'open door'
-----
Err:	Cmd: 'open plant' -> 'open plant'
	Loc: emily-house
-----
Cmd: 'look plant' -> 'look plant'
-----
Err:	Cmd: 'take plant' -> 'take plant'
	Loc: emily-house
-----
Cmd: 'open door' -> 'open door'
Cmd: 'knock on door' -> 'knock'
Cmd: 'knock on door' -> 'knock'
Cmd: 'go home' -> 'drive home'
Cmd: 'open door' -> 'open door'
-----
Err:	Cmd: 'go into room' -> 'go into room'
	Loc: entryway
-----
-----
Err:	Cmd: 'go into living room' -> 'go into living-room'
	Loc: entryway
-----
Cmd: 'go to living room' -> 'go living-room'
-----
Err:	Cmd: 'go to desk' -> 'go desk'
	Loc: living-room
-----
Cmd: 'look at computer' -> 'look computer'
-----
Err:	Cmd: 'turn computer on' -> 'turn computer on'
	Loc: living-room
-----
Cmd: 'turn on computer' -> 'turn on computer'
-----
Err:	Cmd: 'click on swifts' -> 'open on swifts'
	Loc: living-room
-----
-----
Err:	Cmd: 'go to swifts' -> 'go swifts'
	Loc: living-room
-----
Cmd: 'open browser' -> 'open swifts'
Cmd: 'buy pen' -> 'buy pen'
-----
Err:	Cmd: 'explore swiftscom' -> 'explore swiftscom'
	Loc: living-room
-----
-----
Err:	Cmd: 'explore swifts' -> 'explore swifts'
	Loc: living-room
-----
Cmd: 'open chat' -> 'open chat'
Cmd: 'talk to emily' -> 'chat emily'
Cmd: 'say 1' -> 'say 1'
Cmd: 'say 1' -> 'say 1'
Cmd: 'say 2' -> 'say 2'
Cmd: 'say 3' -> 'say 3'
Cmd: 'say 4' -> 'say 4'
Cmd: 'say 5' -> 'say 5'
Cmd: 'hint' -> 'hint'
Cmd: 'hint' -> 'hint'
-----
Err:	Cmd: 'go to emily' -> 'go emily'
	Loc: living-room
-----
Cmd: 'go outside' -> 'go outside'
Cmd: 'go to emily' -> 'drive emily'
-----
Err:	Cmd: 'leave package at doorstep' -> 'deliver package at doorstep'
	Loc: emily-house
-----
Cmd: 'leave package' -> 'deliver package'
Cmd: 'go home' -> 'drive home'
Cmd: 'go to living room' -> 'go living-room'
Cmd: 'open browser' -> 'open swifts'
Cmd: 'open chat' -> 'open chat'
Cmd: 'talk to emily' -> 'chat emily'
Cmd: 'say 6' -> 'say 6'
Cmd: 'say 5' -> 'say 5'
Cmd: 'go to entryway' -> 'go entryway'
Cmd: 'open door' -> 'open door'
Cmd: 'open package' -> 'open package'
Cmd: 'go to living room' -> 'go living-room'
Cmd: 'open swifts' -> 'open swifts'
Cmd: 'buy tea' -> 'buy tea'
-----
Err:	Cmd: 'what do i do now' -> 'what do inventory do now'
	Loc: living-room
-----
Cmd: 'open swifts' -> 'open swifts'
